<?xml version="1.0" encoding="UTF-8"?>
<!-- Generated by org.testng.reporters.JUnitReportReporter -->
<testsuite skipped="0" hostname="DESKTOP-EKBA8NT" name="com.basic.BasicsOfRestAssured.BaseUrlAndEndPoint" tests="1" failures="0" timestamp="29 Sep 2018 01:27:35 GMT" time="5.419" errors="0">
  <testcase name="testBaseUIRAndEndPoint" time="5.419" classname="com.basic.BasicsOfRestAssured.BaseUrlAndEndPoint"/>
</testsuite> <!-- com.basic.BasicsOfRestAssured.BaseUrlAndEndPoint -->
