<?xml version="1.0" encoding="UTF-8"?>
<!-- Generated by org.testng.reporters.JUnitReportReporter -->
<testsuite skipped="0" hostname="DESKTOP-EKBA8NT" name="com.basic.BasicsOfRestAssured.TestUpdateRequest" tests="1" failures="0" timestamp="22 Aug 2018 10:25:28 GMT" time="2.726" errors="0">
  <testcase name="testUpdate1" time="2.726" classname="com.basic.BasicsOfRestAssured.TestUpdateRequest"/>
</testsuite> <!-- com.basic.BasicsOfRestAssured.TestUpdateRequest -->
