<?xml version="1.0" encoding="UTF-8"?>
<!-- Generated by org.testng.reporters.JUnitReportReporter -->
<testsuite skipped="0" hostname="DESKTOP-EKBA8NT" name="com.basic.BasicsOfRestAssured.TestPOSTRequest" tests="1" failures="0" timestamp="30 Sep 2018 11:40:50 GMT" time="3.674" errors="0">
  <testcase name="testPostWithJsonFile" time="3.674" classname="com.basic.BasicsOfRestAssured.TestPOSTRequest"/>
</testsuite> <!-- com.basic.BasicsOfRestAssured.TestPOSTRequest -->
