<?xml version="1.0" encoding="UTF-8"?>
<!-- Generated by org.testng.reporters.JUnitReportReporter -->
<testsuite skipped="0" hostname="DESKTOP-EKBA8NT" name="com.basic.BasicsOfRestAssured.TestSet1" tests="1" failures="0" timestamp="19 Aug 2018 14:57:08 GMT" time="3.149" errors="0">
  <testcase name="testResponseValueStringWithJsonpath" time="3.149" classname="com.basic.BasicsOfRestAssured.TestSet1"/>
</testsuite> <!-- com.basic.BasicsOfRestAssured.TestSet1 -->
