<?xml version="1.0" encoding="UTF-8"?>
<!-- Generated by org.testng.reporters.JUnitReportReporter -->
<testsuite skipped="0" hostname="DESKTOP-EKBA8NT" name="com.basic.BasicsOfRestAssured.TestSize" tests="1" failures="0" timestamp="19 Aug 2018 14:15:17 GMT" time="4.652" errors="0">
  <testcase name="TestSizeOf" time="4.652" classname="com.basic.BasicsOfRestAssured.TestSize"/>
</testsuite> <!-- com.basic.BasicsOfRestAssured.TestSize -->
